[debug] [2022-01-06T13:25:28.081Z] ----------------------------------------------------------------------
[debug] [2022-01-06T13:25:28.082Z] Command:       /Users/carljoachim/.nvm/versions/node/v14.18.2/bin/node /Users/carljoachim/.nvm/versions/node/v14.18.2/bin/firebase emulators:start
[debug] [2022-01-06T13:25:28.082Z] CLI Version:   10.0.1
[debug] [2022-01-06T13:25:28.082Z] Platform:      darwin
[debug] [2022-01-06T13:25:28.082Z] Node Version:  v14.18.2
[debug] [2022-01-06T13:25:28.083Z] Time:          Thu Jan 06 2022 14:25:28 GMT+0100 (Central European Standard Time)
[debug] [2022-01-06T13:25:28.083Z] ----------------------------------------------------------------------
[debug] 
[debug] [2022-01-06T13:25:28.128Z] > command requires scopes: ["email","openid","https://www.googleapis.com/auth/cloudplatformprojects.readonly","https://www.googleapis.com/auth/firebase","https://www.googleapis.com/auth/cloud-platform"]
[debug] [2022-01-06T13:25:28.129Z] > authorizing via signed-in user (carljoac@gmail.com)
[info] i  emulators: Starting emulators: functions, firestore, hosting, storage {"metadata":{"emulator":{"name":"hub"},"message":"Starting emulators: functions, firestore, hosting, storage"}}
[debug] [2022-01-06T13:25:28.144Z] [hub] writing locator at /var/folders/f1/g4xzwpvj0cv2rc4r038mkp_80000kt/T/hub-dinnerplanner-75d34.json
[warn] ⚠  functions: The following emulators are not running, calls to these services from the Functions emulator will affect production: auth, database, pubsub {"metadata":{"emulator":{"name":"functions"},"message":"The following emulators are not running, calls to these services from the Functions emulator will affect production: \u001b[1mauth, database, pubsub\u001b[22m"}}
[info] ✔  functions: Using node@14 from host. {"metadata":{"emulator":{"name":"functions"},"message":"Using node@14 from host."}}
[debug] [2022-01-06T13:25:28.185Z] defaultcredentials: writing to file /Users/carljoachim/.config/firebase/carljoac_gmail_com_application_default_credentials.json
[debug] [2022-01-06T13:25:28.188Z] Setting GAC to /Users/carljoachim/.config/firebase/carljoac_gmail_com_application_default_credentials.json {"metadata":{"emulator":{"name":"functions"},"message":"Setting GAC to /Users/carljoachim/.config/firebase/carljoac_gmail_com_application_default_credentials.json"}}
[debug] [2022-01-06T13:25:28.190Z] >>> [apiv2][query] GET https://firebase.googleapis.com/v1beta1/projects/dinnerplanner-75d34/adminSdkConfig [none]
[debug] [2022-01-06T13:25:28.463Z] <<< [apiv2][status] GET https://firebase.googleapis.com/v1beta1/projects/dinnerplanner-75d34/adminSdkConfig 200
[debug] [2022-01-06T13:25:28.463Z] <<< [apiv2][body] GET https://firebase.googleapis.com/v1beta1/projects/dinnerplanner-75d34/adminSdkConfig {"projectId":"dinnerplanner-75d34","storageBucket":"dinnerplanner-75d34.appspot.com","locationId":"europe-west"}
[debug] [2022-01-06T13:25:28.752Z] Ignoring unsupported arg: projectId {"metadata":{"emulator":{"name":"firestore"},"message":"Ignoring unsupported arg: projectId"}}
[debug] [2022-01-06T13:25:28.752Z] Ignoring unsupported arg: auto_download {"metadata":{"emulator":{"name":"firestore"},"message":"Ignoring unsupported arg: auto_download"}}
[debug] [2022-01-06T13:25:28.752Z] Starting Firestore Emulator with command {"binary":"java","args":["-Dgoogle.cloud_firestore.debug_log_level=FINE","-Duser.language=en","-jar","/Users/carljoachim/.cache/firebase/emulators/cloud-firestore-emulator-v1.13.1.jar","--host","localhost","--port",8080,"--rules","/Users/carljoachim/Development/dinner-planner/firestore.rules","--functions_emulator","localhost:5001"],"optionalArgs":["port","webchannel_port","host","rules","functions_emulator","seed_from_export"],"joinArgs":false} {"metadata":{"emulator":{"name":"firestore"},"message":"Starting Firestore Emulator with command {\"binary\":\"java\",\"args\":[\"-Dgoogle.cloud_firestore.debug_log_level=FINE\",\"-Duser.language=en\",\"-jar\",\"/Users/carljoachim/.cache/firebase/emulators/cloud-firestore-emulator-v1.13.1.jar\",\"--host\",\"localhost\",\"--port\",8080,\"--rules\",\"/Users/carljoachim/Development/dinner-planner/firestore.rules\",\"--functions_emulator\",\"localhost:5001\"],\"optionalArgs\":[\"port\",\"webchannel_port\",\"host\",\"rules\",\"functions_emulator\",\"seed_from_export\"],\"joinArgs\":false}"}}
[info] i  firestore: Firestore Emulator logging to firestore-debug.log {"metadata":{"emulator":{"name":"firestore"},"message":"Firestore Emulator logging to \u001b[1mfirestore-debug.log\u001b[22m"}}
[debug] [2022-01-06T13:25:29.595Z] Jan 06, 2022 2:25:29 PM com.google.cloud.datastore.emulator.firestore.websocket.WebSocketServer start
INFO: Started WebSocket server on ws://localhost:53055
 {"metadata":{"emulator":{"name":"firestore"},"message":"Jan 06, 2022 2:25:29 PM com.google.cloud.datastore.emulator.firestore.websocket.WebSocketServer start\nINFO: Started WebSocket server on ws://localhost:53055\n"}}
[debug] [2022-01-06T13:25:29.609Z] API endpoint: http://localhost:8080 {"metadata":{"emulator":{"name":"firestore"},"message":"API endpoint: http://localhost:8080"}}
[debug] [2022-01-06T13:25:29.609Z] 
If you are using a library that supports the FIRESTORE_EMULATOR_HOST environment variable, run:

   export FIRESTORE_EMULATOR_HOST=localhost:8080

Dev App Server is now running.

 {"metadata":{"emulator":{"name":"firestore"},"message":"\nIf you are using a library that supports the FIRESTORE_EMULATOR_HOST environment variable, run:\n\n   export FIRESTORE_EMULATOR_HOST=localhost:8080\n\nDev App Server is now running.\n\n"}}
[debug] [2022-01-06T13:25:29.774Z] Ignoring unsupported arg: port {"metadata":{"emulator":{"name":"storage"},"message":"Ignoring unsupported arg: port"}}
[debug] [2022-01-06T13:25:30.050Z] Temp file directory for storage emulator: /var/folders/f1/g4xzwpvj0cv2rc4r038mkp_80000kt/T/firebase/storage/blobs {"metadata":{"emulator":{"name":"storage"},"message":"Temp file directory for storage emulator: /var/folders/f1/g4xzwpvj0cv2rc4r038mkp_80000kt/T/firebase/storage/blobs"}}
[warn] ⚠  Rules content empty. Compilation aborted in /Users/carljoachim/Development/dinner-planner/storage.rules:0 {"metadata":{"emulator":{"name":"storage"},"message":"Rules content empty. Compilation aborted in /Users/carljoachim/Development/dinner-planner/storage.rules:0"}}
[debug] [2022-01-06T13:25:30.229Z] >>> [apiv2][query] GET https://firebasehosting.googleapis.com/v1beta1/projects/dinnerplanner-75d34/sites 
[debug] [2022-01-06T13:25:31.047Z] <<< [apiv2][status] GET https://firebasehosting.googleapis.com/v1beta1/projects/dinnerplanner-75d34/sites 200
[debug] [2022-01-06T13:25:31.047Z] <<< [apiv2][body] GET https://firebasehosting.googleapis.com/v1beta1/projects/dinnerplanner-75d34/sites {"sites":[{"name":"projects/861870659725/sites/dinnerplanner-75d34","defaultUrl":"https://dinnerplanner-75d34.web.app","type":"DEFAULT_SITE"}]}
[debug] [2022-01-06T13:25:31.047Z] >>> [apiv2][query] GET https://firebase.googleapis.com/v1beta1/projects/dinnerplanner-75d34/webApps/-/config [none]
[debug] [2022-01-06T13:25:32.017Z] <<< [apiv2][status] GET https://firebase.googleapis.com/v1beta1/projects/dinnerplanner-75d34/webApps/-/config 200
[debug] [2022-01-06T13:25:32.017Z] <<< [apiv2][body] GET https://firebase.googleapis.com/v1beta1/projects/dinnerplanner-75d34/webApps/-/config {"projectId":"dinnerplanner-75d34","storageBucket":"dinnerplanner-75d34.appspot.com","locationId":"europe-west","apiKey":"AIzaSyBaOM5_4r1oysbxr7j3OT5WNarmj-UjoIQ","authDomain":"dinnerplanner-75d34.firebaseapp.com","messagingSenderId":"861870659725"}
[info] i  hosting: Serving hosting files from: build {"metadata":{"emulator":{"name":"hosting"},"message":"Serving hosting files from: \u001b[1mbuild\u001b[22m"}}
[info] ✔  hosting: Local server: http://localhost:5002 {"metadata":{"emulator":{"name":"hosting"},"message":"Local server: \u001b[4m\u001b[1mhttp://localhost:5002\u001b[22m\u001b[24m"}}
[debug] [2022-01-06T13:25:32.059Z] Ignoring unsupported arg: auto_download {"metadata":{"emulator":{"name":"ui"},"message":"Ignoring unsupported arg: auto_download"}}
[debug] [2022-01-06T13:25:32.059Z] Ignoring unsupported arg: port {"metadata":{"emulator":{"name":"ui"},"message":"Ignoring unsupported arg: port"}}
[debug] [2022-01-06T13:25:32.060Z] Starting Emulator UI with command {"binary":"node","args":["/Users/carljoachim/.cache/firebase/emulators/ui-v1.6.4/server.bundle.js"],"optionalArgs":[],"joinArgs":false} {"metadata":{"emulator":{"name":"ui"},"message":"Starting Emulator UI with command {\"binary\":\"node\",\"args\":[\"/Users/carljoachim/.cache/firebase/emulators/ui-v1.6.4/server.bundle.js\"],\"optionalArgs\":[],\"joinArgs\":false}"}}
[info] i  ui: Emulator UI logging to ui-debug.log {"metadata":{"emulator":{"name":"ui"},"message":"Emulator UI logging to \u001b[1mui-debug.log\u001b[22m"}}
[debug] [2022-01-06T13:25:32.152Z] Web / API server started at localhost:4000
 {"metadata":{"emulator":{"name":"ui"},"message":"Web / API server started at localhost:4000\n"}}
[info] i  functions: Watching "/Users/carljoachim/Development/dinner-planner/functions" for Cloud Functions... {"metadata":{"emulator":{"name":"functions"},"message":"Watching \"/Users/carljoachim/Development/dinner-planner/functions\" for Cloud Functions..."}}
[debug] [2022-01-06T13:25:32.334Z] [worker-pool] addWorker(~diagnostic~) {"metadata":{"emulator":{"name":"functions"},"message":"[worker-pool] addWorker(~diagnostic~)"}}
[debug] [2022-01-06T13:25:32.334Z] [worker-pool] Adding worker with key ~diagnostic~, total=1 {"metadata":{"emulator":{"name":"functions"},"message":"[worker-pool] Adding worker with key ~diagnostic~, total=1"}}
[debug] [2022-01-06T13:25:32.334Z] [worker-pool] submitWork(triggerId=) {"metadata":{"emulator":{"name":"functions"},"message":"[worker-pool] submitWork(triggerId=)"}}
[debug] [2022-01-06T13:25:32.335Z] [worker-~diagnostic~-71cb20ac-e11f-48f8-8d3a-1dbe33d5258a]: Assigning socketPath: /var/folders/f1/g4xzwpvj0cv2rc4r038mkp_80000kt/T/fire_emu_84920.sock {"metadata":{"emulator":{"name":"functions"},"message":"[worker-~diagnostic~-71cb20ac-e11f-48f8-8d3a-1dbe33d5258a]: Assigning socketPath: /var/folders/f1/g4xzwpvj0cv2rc4r038mkp_80000kt/T/fire_emu_84920.sock"}}
[debug] [2022-01-06T13:25:32.335Z] [worker-~diagnostic~-71cb20ac-e11f-48f8-8d3a-1dbe33d5258a]: BUSY {"metadata":{"emulator":{"name":"functions"},"message":"[worker-~diagnostic~-71cb20ac-e11f-48f8-8d3a-1dbe33d5258a]: BUSY"}}
[debug] [2022-01-06T13:25:32.492Z] [runtime-status] [84920] Functions runtime initialized. {"cwd":"/Users/carljoachim/Development/dinner-planner/functions","node_version":"14.18.2"} {"metadata":{"emulator":{"name":"functions"},"message":"[runtime-status] [84920] Functions runtime initialized. {\"cwd\":\"/Users/carljoachim/Development/dinner-planner/functions\",\"node_version\":\"14.18.2\"}"}}
[debug] [2022-01-06T13:25:32.493Z] [runtime-status] [84920] Disabled runtime features: undefined {"metadata":{"emulator":{"name":"functions"},"message":"[runtime-status] [84920] Disabled runtime features: undefined"}}
[debug] [2022-01-06T13:25:32.495Z] [runtime-status] [84920] Resolved module firebase-admin {"declared":true,"installed":true,"version":"9.12.0","resolution":"/Users/carljoachim/Development/dinner-planner/functions/node_modules/firebase-admin/lib/index.js"} {"metadata":{"emulator":{"name":"functions"},"message":"[runtime-status] [84920] Resolved module firebase-admin {\"declared\":true,\"installed\":true,\"version\":\"9.12.0\",\"resolution\":\"/Users/carljoachim/Development/dinner-planner/functions/node_modules/firebase-admin/lib/index.js\"}"}}
[debug] [2022-01-06T13:25:32.497Z] [runtime-status] [84920] Resolved module firebase-functions {"declared":true,"installed":true,"version":"3.16.0","resolution":"/Users/carljoachim/Development/dinner-planner/functions/node_modules/firebase-functions/lib/index.js"} {"metadata":{"emulator":{"name":"functions"},"message":"[runtime-status] [84920] Resolved module firebase-functions {\"declared\":true,\"installed\":true,\"version\":\"3.16.0\",\"resolution\":\"/Users/carljoachim/Development/dinner-planner/functions/node_modules/firebase-functions/lib/index.js\"}"}}
[debug] [2022-01-06T13:25:32.498Z] [runtime-status] [84920] Outgoing network have been stubbed. [{"name":"http","status":"mocked"},{"name":"http","status":"mocked"},{"name":"https","status":"mocked"},{"name":"https","status":"mocked"},{"name":"net","status":"mocked"}] {"metadata":{"emulator":{"name":"functions"},"message":"[runtime-status] [84920] Outgoing network have been stubbed. [{\"name\":\"http\",\"status\":\"mocked\"},{\"name\":\"http\",\"status\":\"mocked\"},{\"name\":\"https\",\"status\":\"mocked\"},{\"name\":\"https\",\"status\":\"mocked\"},{\"name\":\"net\",\"status\":\"mocked\"}]"}}
[debug] [2022-01-06T13:25:32.499Z] [runtime-status] [84920] Resolved module firebase-functions {"declared":true,"installed":true,"version":"3.16.0","resolution":"/Users/carljoachim/Development/dinner-planner/functions/node_modules/firebase-functions/lib/index.js"} {"metadata":{"emulator":{"name":"functions"},"message":"[runtime-status] [84920] Resolved module firebase-functions {\"declared\":true,\"installed\":true,\"version\":\"3.16.0\",\"resolution\":\"/Users/carljoachim/Development/dinner-planner/functions/node_modules/firebase-functions/lib/index.js\"}"}}
[debug] [2022-01-06T13:25:32.552Z] [runtime-status] [84920] Checked functions.config() {"config":{}} {"metadata":{"emulator":{"name":"functions"},"message":"[runtime-status] [84920] Checked functions.config() {\"config\":{}}"}}
[debug] [2022-01-06T13:25:32.553Z] [runtime-status] [84920] firebase-functions has been stubbed. {"functionsResolution":{"declared":true,"installed":true,"version":"3.16.0","resolution":"/Users/carljoachim/Development/dinner-planner/functions/node_modules/firebase-functions/lib/index.js"}} {"metadata":{"emulator":{"name":"functions"},"message":"[runtime-status] [84920] firebase-functions has been stubbed. {\"functionsResolution\":{\"declared\":true,\"installed\":true,\"version\":\"3.16.0\",\"resolution\":\"/Users/carljoachim/Development/dinner-planner/functions/node_modules/firebase-functions/lib/index.js\"}}"}}
[debug] [2022-01-06T13:25:32.554Z] [runtime-status] [84920] Resolved module firebase-functions {"declared":true,"installed":true,"version":"3.16.0","resolution":"/Users/carljoachim/Development/dinner-planner/functions/node_modules/firebase-functions/lib/index.js"} {"metadata":{"emulator":{"name":"functions"},"message":"[runtime-status] [84920] Resolved module firebase-functions {\"declared\":true,\"installed\":true,\"version\":\"3.16.0\",\"resolution\":\"/Users/carljoachim/Development/dinner-planner/functions/node_modules/firebase-functions/lib/index.js\"}"}}
[debug] [2022-01-06T13:25:32.555Z] [runtime-status] [84920] Resolved module firebase-admin {"declared":true,"installed":true,"version":"9.12.0","resolution":"/Users/carljoachim/Development/dinner-planner/functions/node_modules/firebase-admin/lib/index.js"} {"metadata":{"emulator":{"name":"functions"},"message":"[runtime-status] [84920] Resolved module firebase-admin {\"declared\":true,\"installed\":true,\"version\":\"9.12.0\",\"resolution\":\"/Users/carljoachim/Development/dinner-planner/functions/node_modules/firebase-admin/lib/index.js\"}"}}
[debug] [2022-01-06T13:25:32.556Z] [runtime-status] [84920] Resolved module firebase-functions {"declared":true,"installed":true,"version":"3.16.0","resolution":"/Users/carljoachim/Development/dinner-planner/functions/node_modules/firebase-functions/lib/index.js"} {"metadata":{"emulator":{"name":"functions"},"message":"[runtime-status] [84920] Resolved module firebase-functions {\"declared\":true,\"installed\":true,\"version\":\"3.16.0\",\"resolution\":\"/Users/carljoachim/Development/dinner-planner/functions/node_modules/firebase-functions/lib/index.js\"}"}}
[debug] [2022-01-06T13:25:32.557Z] [runtime-status] [84920] firebase-admin has been stubbed. {"adminResolution":{"declared":true,"installed":true,"version":"9.12.0","resolution":"/Users/carljoachim/Development/dinner-planner/functions/node_modules/firebase-admin/lib/index.js"}} {"metadata":{"emulator":{"name":"functions"},"message":"[runtime-status] [84920] firebase-admin has been stubbed. {\"adminResolution\":{\"declared\":true,\"installed\":true,\"version\":\"9.12.0\",\"resolution\":\"/Users/carljoachim/Development/dinner-planner/functions/node_modules/firebase-admin/lib/index.js\"}}"}}
[warn] ⚠  Error: Cannot find module '/Users/carljoachim/Development/dinner-planner/functions/lib/index.ts'. Please verify that the package.json has a valid "main" entry
    at tryPackage (internal/modules/cjs/loader.js:321:19)
    at Function.Module._findPath (internal/modules/cjs/loader.js:534:18)
    at Function.Module._resolveFilename (internal/modules/cjs/loader.js:888:27)
    at Function.Module._load (internal/modules/cjs/loader.js:746:27)
    at Module.require (internal/modules/cjs/loader.js:974:19)
    at require (internal/modules/cjs/helpers.js:93:18)
    at initializeRuntime (/Users/carljoachim/.nvm/versions/node/v14.18.2/lib/node_modules/firebase-tools/lib/emulator/functionsEmulatorRuntime.js:640:29)
    at processTicksAndRejections (internal/process/task_queues.js:95:5)
    at async handleMessage (/Users/carljoachim/.nvm/versions/node/v14.18.2/lib/node_modules/firebase-tools/lib/emulator/functionsEmulatorRuntime.js:684:20) {"metadata":{"emulator":{"name":"functions"},"message":"Error: Cannot find module '/Users/carljoachim/Development/dinner-planner/functions/lib/index.ts'. Please verify that the package.json has a valid \"main\" entry\n    at tryPackage (internal/modules/cjs/loader.js:321:19)\n    at Function.Module._findPath (internal/modules/cjs/loader.js:534:18)\n    at Function.Module._resolveFilename (internal/modules/cjs/loader.js:888:27)\n    at Function.Module._load (internal/modules/cjs/loader.js:746:27)\n    at Module.require (internal/modules/cjs/loader.js:974:19)\n    at require (internal/modules/cjs/helpers.js:93:18)\n    at initializeRuntime (/Users/carljoachim/.nvm/versions/node/v14.18.2/lib/node_modules/firebase-tools/lib/emulator/functionsEmulatorRuntime.js:640:29)\n    at processTicksAndRejections (internal/process/task_queues.js:95:5)\n    at async handleMessage (/Users/carljoachim/.nvm/versions/node/v14.18.2/lib/node_modules/firebase-tools/lib/emulator/functionsEmulatorRuntime.js:684:20)"}}
[warn] ⚠  We were unable to load your functions code. (see above)
   - It appears your code is written in Typescript, which must be compiled before emulation.
   - You may be able to run "npm run build" in your functions directory to resolve this. {"metadata":{"emulator":{"name":"functions"}}}
[debug] [2022-01-06T13:25:32.574Z] [worker-~diagnostic~-71cb20ac-e11f-48f8-8d3a-1dbe33d5258a]: exited {"metadata":{"emulator":{"name":"functions"},"message":"[worker-~diagnostic~-71cb20ac-e11f-48f8-8d3a-1dbe33d5258a]: exited"}}
[debug] [2022-01-06T13:25:32.574Z] [worker-~diagnostic~-71cb20ac-e11f-48f8-8d3a-1dbe33d5258a]: FINISHED {"metadata":{"emulator":{"name":"functions"},"message":"[worker-~diagnostic~-71cb20ac-e11f-48f8-8d3a-1dbe33d5258a]: FINISHED"}}
[debug] [2022-01-06T13:25:55.069Z] File /Users/carljoachim/Development/dinner-planner/functions/package.json changed, reloading triggers {"metadata":{"emulator":{"name":"functions"},"message":"File /Users/carljoachim/Development/dinner-planner/functions/package.json changed, reloading triggers"}}
[debug] [2022-01-06T13:25:56.071Z] [worker-pool] Cleaned up workers for ~diagnostic~: 1 --> 0 {"metadata":{"emulator":{"name":"functions"},"message":"[worker-pool] Cleaned up workers for ~diagnostic~: 1 --> 0"}}
[debug] [2022-01-06T13:25:56.079Z] [worker-pool] addWorker(~diagnostic~) {"metadata":{"emulator":{"name":"functions"},"message":"[worker-pool] addWorker(~diagnostic~)"}}
[debug] [2022-01-06T13:25:56.079Z] [worker-pool] Adding worker with key ~diagnostic~, total=1 {"metadata":{"emulator":{"name":"functions"},"message":"[worker-pool] Adding worker with key ~diagnostic~, total=1"}}
[debug] [2022-01-06T13:25:56.079Z] [worker-pool] submitWork(triggerId=) {"metadata":{"emulator":{"name":"functions"},"message":"[worker-pool] submitWork(triggerId=)"}}
[debug] [2022-01-06T13:25:56.080Z] [worker-~diagnostic~-7cfa1207-79fa-4e86-ba6b-9e5a76a9ec8f]: Assigning socketPath: /var/folders/f1/g4xzwpvj0cv2rc4r038mkp_80000kt/T/fire_emu_84982.sock {"metadata":{"emulator":{"name":"functions"},"message":"[worker-~diagnostic~-7cfa1207-79fa-4e86-ba6b-9e5a76a9ec8f]: Assigning socketPath: /var/folders/f1/g4xzwpvj0cv2rc4r038mkp_80000kt/T/fire_emu_84982.sock"}}
[debug] [2022-01-06T13:25:56.080Z] [worker-~diagnostic~-7cfa1207-79fa-4e86-ba6b-9e5a76a9ec8f]: BUSY {"metadata":{"emulator":{"name":"functions"},"message":"[worker-~diagnostic~-7cfa1207-79fa-4e86-ba6b-9e5a76a9ec8f]: BUSY"}}
[debug] [2022-01-06T13:25:56.229Z] [runtime-status] [84982] Functions runtime initialized. {"cwd":"/Users/carljoachim/Development/dinner-planner/functions","node_version":"14.18.2"} {"metadata":{"emulator":{"name":"functions"},"message":"[runtime-status] [84982] Functions runtime initialized. {\"cwd\":\"/Users/carljoachim/Development/dinner-planner/functions\",\"node_version\":\"14.18.2\"}"}}
[debug] [2022-01-06T13:25:56.230Z] [runtime-status] [84982] Disabled runtime features: undefined {"metadata":{"emulator":{"name":"functions"},"message":"[runtime-status] [84982] Disabled runtime features: undefined"}}
[debug] [2022-01-06T13:25:56.235Z] [runtime-status] [84982] Resolved module firebase-admin {"declared":true,"installed":true,"version":"9.12.0","resolution":"/Users/carljoachim/Development/dinner-planner/functions/node_modules/firebase-admin/lib/index.js"} {"metadata":{"emulator":{"name":"functions"},"message":"[runtime-status] [84982] Resolved module firebase-admin {\"declared\":true,\"installed\":true,\"version\":\"9.12.0\",\"resolution\":\"/Users/carljoachim/Development/dinner-planner/functions/node_modules/firebase-admin/lib/index.js\"}"}}
[debug] [2022-01-06T13:25:56.238Z] [runtime-status] [84982] Resolved module firebase-functions {"declared":true,"installed":true,"version":"3.16.0","resolution":"/Users/carljoachim/Development/dinner-planner/functions/node_modules/firebase-functions/lib/index.js"} {"metadata":{"emulator":{"name":"functions"},"message":"[runtime-status] [84982] Resolved module firebase-functions {\"declared\":true,\"installed\":true,\"version\":\"3.16.0\",\"resolution\":\"/Users/carljoachim/Development/dinner-planner/functions/node_modules/firebase-functions/lib/index.js\"}"}}
[debug] [2022-01-06T13:25:56.241Z] [runtime-status] [84982] Outgoing network have been stubbed. [{"name":"http","status":"mocked"},{"name":"http","status":"mocked"},{"name":"https","status":"mocked"},{"name":"https","status":"mocked"},{"name":"net","status":"mocked"}] {"metadata":{"emulator":{"name":"functions"},"message":"[runtime-status] [84982] Outgoing network have been stubbed. [{\"name\":\"http\",\"status\":\"mocked\"},{\"name\":\"http\",\"status\":\"mocked\"},{\"name\":\"https\",\"status\":\"mocked\"},{\"name\":\"https\",\"status\":\"mocked\"},{\"name\":\"net\",\"status\":\"mocked\"}]"}}
[debug] [2022-01-06T13:25:56.242Z] [runtime-status] [84982] Resolved module firebase-functions {"declared":true,"installed":true,"version":"3.16.0","resolution":"/Users/carljoachim/Development/dinner-planner/functions/node_modules/firebase-functions/lib/index.js"} {"metadata":{"emulator":{"name":"functions"},"message":"[runtime-status] [84982] Resolved module firebase-functions {\"declared\":true,\"installed\":true,\"version\":\"3.16.0\",\"resolution\":\"/Users/carljoachim/Development/dinner-planner/functions/node_modules/firebase-functions/lib/index.js\"}"}}
[debug] [2022-01-06T13:25:56.305Z] [runtime-status] [84982] Checked functions.config() {"config":{}} {"metadata":{"emulator":{"name":"functions"},"message":"[runtime-status] [84982] Checked functions.config() {\"config\":{}}"}}
[debug] [2022-01-06T13:25:56.306Z] [runtime-status] [84982] firebase-functions has been stubbed. {"functionsResolution":{"declared":true,"installed":true,"version":"3.16.0","resolution":"/Users/carljoachim/Development/dinner-planner/functions/node_modules/firebase-functions/lib/index.js"}} {"metadata":{"emulator":{"name":"functions"},"message":"[runtime-status] [84982] firebase-functions has been stubbed. {\"functionsResolution\":{\"declared\":true,\"installed\":true,\"version\":\"3.16.0\",\"resolution\":\"/Users/carljoachim/Development/dinner-planner/functions/node_modules/firebase-functions/lib/index.js\"}}"}}
[debug] [2022-01-06T13:25:56.307Z] [runtime-status] [84982] Resolved module firebase-functions {"declared":true,"installed":true,"version":"3.16.0","resolution":"/Users/carljoachim/Development/dinner-planner/functions/node_modules/firebase-functions/lib/index.js"} {"metadata":{"emulator":{"name":"functions"},"message":"[runtime-status] [84982] Resolved module firebase-functions {\"declared\":true,\"installed\":true,\"version\":\"3.16.0\",\"resolution\":\"/Users/carljoachim/Development/dinner-planner/functions/node_modules/firebase-functions/lib/index.js\"}"}}
[debug] [2022-01-06T13:25:56.308Z] [runtime-status] [84982] Resolved module firebase-admin {"declared":true,"installed":true,"version":"9.12.0","resolution":"/Users/carljoachim/Development/dinner-planner/functions/node_modules/firebase-admin/lib/index.js"} {"metadata":{"emulator":{"name":"functions"},"message":"[runtime-status] [84982] Resolved module firebase-admin {\"declared\":true,\"installed\":true,\"version\":\"9.12.0\",\"resolution\":\"/Users/carljoachim/Development/dinner-planner/functions/node_modules/firebase-admin/lib/index.js\"}"}}
[debug] [2022-01-06T13:25:56.309Z] [runtime-status] [84982] Resolved module firebase-functions {"declared":true,"installed":true,"version":"3.16.0","resolution":"/Users/carljoachim/Development/dinner-planner/functions/node_modules/firebase-functions/lib/index.js"} {"metadata":{"emulator":{"name":"functions"},"message":"[runtime-status] [84982] Resolved module firebase-functions {\"declared\":true,\"installed\":true,\"version\":\"3.16.0\",\"resolution\":\"/Users/carljoachim/Development/dinner-planner/functions/node_modules/firebase-functions/lib/index.js\"}"}}
[debug] [2022-01-06T13:25:56.309Z] [runtime-status] [84982] firebase-admin has been stubbed. {"adminResolution":{"declared":true,"installed":true,"version":"9.12.0","resolution":"/Users/carljoachim/Development/dinner-planner/functions/node_modules/firebase-admin/lib/index.js"}} {"metadata":{"emulator":{"name":"functions"},"message":"[runtime-status] [84982] firebase-admin has been stubbed. {\"adminResolution\":{\"declared\":true,\"installed\":true,\"version\":\"9.12.0\",\"resolution\":\"/Users/carljoachim/Development/dinner-planner/functions/node_modules/firebase-admin/lib/index.js\"}}"}}
[warn] ⚠  /Users/carljoachim/Development/dinner-planner/functions/src/index.ts:7
export const add = functions.https.onRequest((request: any, response: { send: (arg0: string) => void; }) => {
^^^^^^

SyntaxError: Unexpected token 'export'
    at wrapSafe (internal/modules/cjs/loader.js:1001:16)
    at Module._compile (internal/modules/cjs/loader.js:1049:27)
    at Object.Module._extensions..js (internal/modules/cjs/loader.js:1114:10)
    at Module.load (internal/modules/cjs/loader.js:950:32)
    at Function.Module._load (internal/modules/cjs/loader.js:790:12)
    at Module.require (internal/modules/cjs/loader.js:974:19)
    at require (internal/modules/cjs/helpers.js:93:18)
    at initializeRuntime (/Users/carljoachim/.nvm/versions/node/v14.18.2/lib/node_modules/firebase-tools/lib/emulator/functionsEmulatorRuntime.js:640:29)
    at processTicksAndRejections (internal/process/task_queues.js:95:5)
    at async handleMessage (/Users/carljoachim/.nvm/versions/node/v14.18.2/lib/node_modules/firebase-tools/lib/emulator/functionsEmulatorRuntime.js:684:20) {"metadata":{"emulator":{"name":"functions"},"message":"/Users/carljoachim/Development/dinner-planner/functions/src/index.ts:7\nexport const add = functions.https.onRequest((request: any, response: { send: (arg0: string) => void; }) => {\n^^^^^^\n\nSyntaxError: Unexpected token 'export'\n    at wrapSafe (internal/modules/cjs/loader.js:1001:16)\n    at Module._compile (internal/modules/cjs/loader.js:1049:27)\n    at Object.Module._extensions..js (internal/modules/cjs/loader.js:1114:10)\n    at Module.load (internal/modules/cjs/loader.js:950:32)\n    at Function.Module._load (internal/modules/cjs/loader.js:790:12)\n    at Module.require (internal/modules/cjs/loader.js:974:19)\n    at require (internal/modules/cjs/helpers.js:93:18)\n    at initializeRuntime (/Users/carljoachim/.nvm/versions/node/v14.18.2/lib/node_modules/firebase-tools/lib/emulator/functionsEmulatorRuntime.js:640:29)\n    at processTicksAndRejections (internal/process/task_queues.js:95:5)\n    at async handleMessage (/Users/carljoachim/.nvm/versions/node/v14.18.2/lib/node_modules/firebase-tools/lib/emulator/functionsEmulatorRuntime.js:684:20)"}}
[warn] ⚠  We were unable to load your functions code. (see above)
   - It appears your code is written in Typescript, which must be compiled before emulation.
   - You may be able to run "npm run build" in your functions directory to resolve this. {"metadata":{"emulator":{"name":"functions"}}}
[debug] [2022-01-06T13:25:56.328Z] [worker-~diagnostic~-7cfa1207-79fa-4e86-ba6b-9e5a76a9ec8f]: exited {"metadata":{"emulator":{"name":"functions"},"message":"[worker-~diagnostic~-7cfa1207-79fa-4e86-ba6b-9e5a76a9ec8f]: exited"}}
[debug] [2022-01-06T13:25:56.328Z] [worker-~diagnostic~-7cfa1207-79fa-4e86-ba6b-9e5a76a9ec8f]: FINISHED {"metadata":{"emulator":{"name":"functions"},"message":"[worker-~diagnostic~-7cfa1207-79fa-4e86-ba6b-9e5a76a9ec8f]: FINISHED"}}
[debug] [2022-01-06T13:26:32.929Z] File /Users/carljoachim/Development/dinner-planner/functions/src/index.ts changed, reloading triggers {"metadata":{"emulator":{"name":"functions"},"message":"File /Users/carljoachim/Development/dinner-planner/functions/src/index.ts changed, reloading triggers"}}
[debug] [2022-01-06T13:26:33.930Z] [worker-pool] Cleaned up workers for ~diagnostic~: 1 --> 0 {"metadata":{"emulator":{"name":"functions"},"message":"[worker-pool] Cleaned up workers for ~diagnostic~: 1 --> 0"}}
[debug] [2022-01-06T13:26:33.936Z] [worker-pool] addWorker(~diagnostic~) {"metadata":{"emulator":{"name":"functions"},"message":"[worker-pool] addWorker(~diagnostic~)"}}
[debug] [2022-01-06T13:26:33.936Z] [worker-pool] Adding worker with key ~diagnostic~, total=1 {"metadata":{"emulator":{"name":"functions"},"message":"[worker-pool] Adding worker with key ~diagnostic~, total=1"}}
[debug] [2022-01-06T13:26:33.936Z] [worker-pool] submitWork(triggerId=) {"metadata":{"emulator":{"name":"functions"},"message":"[worker-pool] submitWork(triggerId=)"}}
[debug] [2022-01-06T13:26:33.936Z] [worker-~diagnostic~-a5394a8c-5b07-49d0-a31a-8bd2d74263d5]: Assigning socketPath: /var/folders/f1/g4xzwpvj0cv2rc4r038mkp_80000kt/T/fire_emu_85021.sock {"metadata":{"emulator":{"name":"functions"},"message":"[worker-~diagnostic~-a5394a8c-5b07-49d0-a31a-8bd2d74263d5]: Assigning socketPath: /var/folders/f1/g4xzwpvj0cv2rc4r038mkp_80000kt/T/fire_emu_85021.sock"}}
[debug] [2022-01-06T13:26:33.936Z] [worker-~diagnostic~-a5394a8c-5b07-49d0-a31a-8bd2d74263d5]: BUSY {"metadata":{"emulator":{"name":"functions"},"message":"[worker-~diagnostic~-a5394a8c-5b07-49d0-a31a-8bd2d74263d5]: BUSY"}}
[debug] [2022-01-06T13:26:34.073Z] [runtime-status] [85021] Functions runtime initialized. {"cwd":"/Users/carljoachim/Development/dinner-planner/functions","node_version":"14.18.2"} {"metadata":{"emulator":{"name":"functions"},"message":"[runtime-status] [85021] Functions runtime initialized. {\"cwd\":\"/Users/carljoachim/Development/dinner-planner/functions\",\"node_version\":\"14.18.2\"}"}}
[debug] [2022-01-06T13:26:34.075Z] [runtime-status] [85021] Disabled runtime features: undefined {"metadata":{"emulator":{"name":"functions"},"message":"[runtime-status] [85021] Disabled runtime features: undefined"}}
[debug] [2022-01-06T13:26:34.079Z] [runtime-status] [85021] Resolved module firebase-admin {"declared":true,"installed":true,"version":"9.12.0","resolution":"/Users/carljoachim/Development/dinner-planner/functions/node_modules/firebase-admin/lib/index.js"} {"metadata":{"emulator":{"name":"functions"},"message":"[runtime-status] [85021] Resolved module firebase-admin {\"declared\":true,\"installed\":true,\"version\":\"9.12.0\",\"resolution\":\"/Users/carljoachim/Development/dinner-planner/functions/node_modules/firebase-admin/lib/index.js\"}"}}
[debug] [2022-01-06T13:26:34.082Z] [runtime-status] [85021] Resolved module firebase-functions {"declared":true,"installed":true,"version":"3.16.0","resolution":"/Users/carljoachim/Development/dinner-planner/functions/node_modules/firebase-functions/lib/index.js"} {"metadata":{"emulator":{"name":"functions"},"message":"[runtime-status] [85021] Resolved module firebase-functions {\"declared\":true,\"installed\":true,\"version\":\"3.16.0\",\"resolution\":\"/Users/carljoachim/Development/dinner-planner/functions/node_modules/firebase-functions/lib/index.js\"}"}}
[debug] [2022-01-06T13:26:34.084Z] [runtime-status] [85021] Outgoing network have been stubbed. [{"name":"http","status":"mocked"},{"name":"http","status":"mocked"},{"name":"https","status":"mocked"},{"name":"https","status":"mocked"},{"name":"net","status":"mocked"}] {"metadata":{"emulator":{"name":"functions"},"message":"[runtime-status] [85021] Outgoing network have been stubbed. [{\"name\":\"http\",\"status\":\"mocked\"},{\"name\":\"http\",\"status\":\"mocked\"},{\"name\":\"https\",\"status\":\"mocked\"},{\"name\":\"https\",\"status\":\"mocked\"},{\"name\":\"net\",\"status\":\"mocked\"}]"}}
[debug] [2022-01-06T13:26:34.085Z] [runtime-status] [85021] Resolved module firebase-functions {"declared":true,"installed":true,"version":"3.16.0","resolution":"/Users/carljoachim/Development/dinner-planner/functions/node_modules/firebase-functions/lib/index.js"} {"metadata":{"emulator":{"name":"functions"},"message":"[runtime-status] [85021] Resolved module firebase-functions {\"declared\":true,\"installed\":true,\"version\":\"3.16.0\",\"resolution\":\"/Users/carljoachim/Development/dinner-planner/functions/node_modules/firebase-functions/lib/index.js\"}"}}
[debug] [2022-01-06T13:26:34.146Z] [runtime-status] [85021] Checked functions.config() {"config":{}} {"metadata":{"emulator":{"name":"functions"},"message":"[runtime-status] [85021] Checked functions.config() {\"config\":{}}"}}
[debug] [2022-01-06T13:26:34.147Z] [runtime-status] [85021] firebase-functions has been stubbed. {"functionsResolution":{"declared":true,"installed":true,"version":"3.16.0","resolution":"/Users/carljoachim/Development/dinner-planner/functions/node_modules/firebase-functions/lib/index.js"}} {"metadata":{"emulator":{"name":"functions"},"message":"[runtime-status] [85021] firebase-functions has been stubbed. {\"functionsResolution\":{\"declared\":true,\"installed\":true,\"version\":\"3.16.0\",\"resolution\":\"/Users/carljoachim/Development/dinner-planner/functions/node_modules/firebase-functions/lib/index.js\"}}"}}
[debug] [2022-01-06T13:26:34.147Z] [runtime-status] [85021] Resolved module firebase-functions {"declared":true,"installed":true,"version":"3.16.0","resolution":"/Users/carljoachim/Development/dinner-planner/functions/node_modules/firebase-functions/lib/index.js"} {"metadata":{"emulator":{"name":"functions"},"message":"[runtime-status] [85021] Resolved module firebase-functions {\"declared\":true,\"installed\":true,\"version\":\"3.16.0\",\"resolution\":\"/Users/carljoachim/Development/dinner-planner/functions/node_modules/firebase-functions/lib/index.js\"}"}}
[debug] [2022-01-06T13:26:34.148Z] [runtime-status] [85021] Resolved module firebase-admin {"declared":true,"installed":true,"version":"9.12.0","resolution":"/Users/carljoachim/Development/dinner-planner/functions/node_modules/firebase-admin/lib/index.js"} {"metadata":{"emulator":{"name":"functions"},"message":"[runtime-status] [85021] Resolved module firebase-admin {\"declared\":true,\"installed\":true,\"version\":\"9.12.0\",\"resolution\":\"/Users/carljoachim/Development/dinner-planner/functions/node_modules/firebase-admin/lib/index.js\"}"}}
[debug] [2022-01-06T13:26:34.149Z] [runtime-status] [85021] Resolved module firebase-functions {"declared":true,"installed":true,"version":"3.16.0","resolution":"/Users/carljoachim/Development/dinner-planner/functions/node_modules/firebase-functions/lib/index.js"} {"metadata":{"emulator":{"name":"functions"},"message":"[runtime-status] [85021] Resolved module firebase-functions {\"declared\":true,\"installed\":true,\"version\":\"3.16.0\",\"resolution\":\"/Users/carljoachim/Development/dinner-planner/functions/node_modules/firebase-functions/lib/index.js\"}"}}
[debug] [2022-01-06T13:26:34.149Z] [runtime-status] [85021] firebase-admin has been stubbed. {"adminResolution":{"declared":true,"installed":true,"version":"9.12.0","resolution":"/Users/carljoachim/Development/dinner-planner/functions/node_modules/firebase-admin/lib/index.js"}} {"metadata":{"emulator":{"name":"functions"},"message":"[runtime-status] [85021] firebase-admin has been stubbed. {\"adminResolution\":{\"declared\":true,\"installed\":true,\"version\":\"9.12.0\",\"resolution\":\"/Users/carljoachim/Development/dinner-planner/functions/node_modules/firebase-admin/lib/index.js\"}}"}}
[warn] ⚠  /Users/carljoachim/Development/dinner-planner/functions/src/index.ts:7
exports.add = functions.https.onRequest((request: any, response: { send: (arg0: string) => void; }) => {
                                                ^

SyntaxError: Unexpected token ':'
    at wrapSafe (internal/modules/cjs/loader.js:1001:16)
    at Module._compile (internal/modules/cjs/loader.js:1049:27)
    at Object.Module._extensions..js (internal/modules/cjs/loader.js:1114:10)
    at Module.load (internal/modules/cjs/loader.js:950:32)
    at Function.Module._load (internal/modules/cjs/loader.js:790:12)
    at Module.require (internal/modules/cjs/loader.js:974:19)
    at require (internal/modules/cjs/helpers.js:93:18)
    at initializeRuntime (/Users/carljoachim/.nvm/versions/node/v14.18.2/lib/node_modules/firebase-tools/lib/emulator/functionsEmulatorRuntime.js:640:29)
    at processTicksAndRejections (internal/process/task_queues.js:95:5)
    at async handleMessage (/Users/carljoachim/.nvm/versions/node/v14.18.2/lib/node_modules/firebase-tools/lib/emulator/functionsEmulatorRuntime.js:684:20) {"metadata":{"emulator":{"name":"functions"},"message":"/Users/carljoachim/Development/dinner-planner/functions/src/index.ts:7\nexports.add = functions.https.onRequest((request: any, response: { send: (arg0: string) => void; }) => {\n                                                ^\n\nSyntaxError: Unexpected token ':'\n    at wrapSafe (internal/modules/cjs/loader.js:1001:16)\n    at Module._compile (internal/modules/cjs/loader.js:1049:27)\n    at Object.Module._extensions..js (internal/modules/cjs/loader.js:1114:10)\n    at Module.load (internal/modules/cjs/loader.js:950:32)\n    at Function.Module._load (internal/modules/cjs/loader.js:790:12)\n    at Module.require (internal/modules/cjs/loader.js:974:19)\n    at require (internal/modules/cjs/helpers.js:93:18)\n    at initializeRuntime (/Users/carljoachim/.nvm/versions/node/v14.18.2/lib/node_modules/firebase-tools/lib/emulator/functionsEmulatorRuntime.js:640:29)\n    at processTicksAndRejections (internal/process/task_queues.js:95:5)\n    at async handleMessage (/Users/carljoachim/.nvm/versions/node/v14.18.2/lib/node_modules/firebase-tools/lib/emulator/functionsEmulatorRuntime.js:684:20)"}}
[warn] ⚠  We were unable to load your functions code. (see above)
   - It appears your code is written in Typescript, which must be compiled before emulation.
   - You may be able to run "npm run build" in your functions directory to resolve this. {"metadata":{"emulator":{"name":"functions"}}}
[debug] [2022-01-06T13:26:34.170Z] [worker-~diagnostic~-a5394a8c-5b07-49d0-a31a-8bd2d74263d5]: exited {"metadata":{"emulator":{"name":"functions"},"message":"[worker-~diagnostic~-a5394a8c-5b07-49d0-a31a-8bd2d74263d5]: exited"}}
[debug] [2022-01-06T13:26:34.170Z] [worker-~diagnostic~-a5394a8c-5b07-49d0-a31a-8bd2d74263d5]: FINISHED {"metadata":{"emulator":{"name":"functions"},"message":"[worker-~diagnostic~-a5394a8c-5b07-49d0-a31a-8bd2d74263d5]: FINISHED"}}
[debug] [2022-01-06T13:26:58.031Z] File /Users/carljoachim/Development/dinner-planner/functions/src/index.ts changed, reloading triggers {"metadata":{"emulator":{"name":"functions"},"message":"File /Users/carljoachim/Development/dinner-planner/functions/src/index.ts changed, reloading triggers"}}
[debug] [2022-01-06T13:26:59.034Z] [worker-pool] Cleaned up workers for ~diagnostic~: 1 --> 0 {"metadata":{"emulator":{"name":"functions"},"message":"[worker-pool] Cleaned up workers for ~diagnostic~: 1 --> 0"}}
[debug] [2022-01-06T13:26:59.040Z] [worker-pool] addWorker(~diagnostic~) {"metadata":{"emulator":{"name":"functions"},"message":"[worker-pool] addWorker(~diagnostic~)"}}
[debug] [2022-01-06T13:26:59.040Z] [worker-pool] Adding worker with key ~diagnostic~, total=1 {"metadata":{"emulator":{"name":"functions"},"message":"[worker-pool] Adding worker with key ~diagnostic~, total=1"}}
[debug] [2022-01-06T13:26:59.041Z] [worker-pool] submitWork(triggerId=) {"metadata":{"emulator":{"name":"functions"},"message":"[worker-pool] submitWork(triggerId=)"}}
[debug] [2022-01-06T13:26:59.041Z] [worker-~diagnostic~-1cebaa51-fd22-402b-96eb-26ecba597f80]: Assigning socketPath: /var/folders/f1/g4xzwpvj0cv2rc4r038mkp_80000kt/T/fire_emu_85032.sock {"metadata":{"emulator":{"name":"functions"},"message":"[worker-~diagnostic~-1cebaa51-fd22-402b-96eb-26ecba597f80]: Assigning socketPath: /var/folders/f1/g4xzwpvj0cv2rc4r038mkp_80000kt/T/fire_emu_85032.sock"}}
[debug] [2022-01-06T13:26:59.041Z] [worker-~diagnostic~-1cebaa51-fd22-402b-96eb-26ecba597f80]: BUSY {"metadata":{"emulator":{"name":"functions"},"message":"[worker-~diagnostic~-1cebaa51-fd22-402b-96eb-26ecba597f80]: BUSY"}}
[debug] [2022-01-06T13:26:59.198Z] [runtime-status] [85032] Functions runtime initialized. {"cwd":"/Users/carljoachim/Development/dinner-planner/functions","node_version":"14.18.2"} {"metadata":{"emulator":{"name":"functions"},"message":"[runtime-status] [85032] Functions runtime initialized. {\"cwd\":\"/Users/carljoachim/Development/dinner-planner/functions\",\"node_version\":\"14.18.2\"}"}}
[debug] [2022-01-06T13:26:59.199Z] [runtime-status] [85032] Disabled runtime features: undefined {"metadata":{"emulator":{"name":"functions"},"message":"[runtime-status] [85032] Disabled runtime features: undefined"}}
[debug] [2022-01-06T13:26:59.202Z] [runtime-status] [85032] Resolved module firebase-admin {"declared":true,"installed":true,"version":"9.12.0","resolution":"/Users/carljoachim/Development/dinner-planner/functions/node_modules/firebase-admin/lib/index.js"} {"metadata":{"emulator":{"name":"functions"},"message":"[runtime-status] [85032] Resolved module firebase-admin {\"declared\":true,\"installed\":true,\"version\":\"9.12.0\",\"resolution\":\"/Users/carljoachim/Development/dinner-planner/functions/node_modules/firebase-admin/lib/index.js\"}"}}
[debug] [2022-01-06T13:26:59.205Z] [runtime-status] [85032] Resolved module firebase-functions {"declared":true,"installed":true,"version":"3.16.0","resolution":"/Users/carljoachim/Development/dinner-planner/functions/node_modules/firebase-functions/lib/index.js"} {"metadata":{"emulator":{"name":"functions"},"message":"[runtime-status] [85032] Resolved module firebase-functions {\"declared\":true,\"installed\":true,\"version\":\"3.16.0\",\"resolution\":\"/Users/carljoachim/Development/dinner-planner/functions/node_modules/firebase-functions/lib/index.js\"}"}}
[debug] [2022-01-06T13:26:59.206Z] [runtime-status] [85032] Outgoing network have been stubbed. [{"name":"http","status":"mocked"},{"name":"http","status":"mocked"},{"name":"https","status":"mocked"},{"name":"https","status":"mocked"},{"name":"net","status":"mocked"}] {"metadata":{"emulator":{"name":"functions"},"message":"[runtime-status] [85032] Outgoing network have been stubbed. [{\"name\":\"http\",\"status\":\"mocked\"},{\"name\":\"http\",\"status\":\"mocked\"},{\"name\":\"https\",\"status\":\"mocked\"},{\"name\":\"https\",\"status\":\"mocked\"},{\"name\":\"net\",\"status\":\"mocked\"}]"}}
[debug] [2022-01-06T13:26:59.207Z] [runtime-status] [85032] Resolved module firebase-functions {"declared":true,"installed":true,"version":"3.16.0","resolution":"/Users/carljoachim/Development/dinner-planner/functions/node_modules/firebase-functions/lib/index.js"} {"metadata":{"emulator":{"name":"functions"},"message":"[runtime-status] [85032] Resolved module firebase-functions {\"declared\":true,\"installed\":true,\"version\":\"3.16.0\",\"resolution\":\"/Users/carljoachim/Development/dinner-planner/functions/node_modules/firebase-functions/lib/index.js\"}"}}
[debug] [2022-01-06T13:26:59.266Z] [runtime-status] [85032] Checked functions.config() {"config":{}} {"metadata":{"emulator":{"name":"functions"},"message":"[runtime-status] [85032] Checked functions.config() {\"config\":{}}"}}
[debug] [2022-01-06T13:26:59.267Z] [runtime-status] [85032] firebase-functions has been stubbed. {"functionsResolution":{"declared":true,"installed":true,"version":"3.16.0","resolution":"/Users/carljoachim/Development/dinner-planner/functions/node_modules/firebase-functions/lib/index.js"}} {"metadata":{"emulator":{"name":"functions"},"message":"[runtime-status] [85032] firebase-functions has been stubbed. {\"functionsResolution\":{\"declared\":true,\"installed\":true,\"version\":\"3.16.0\",\"resolution\":\"/Users/carljoachim/Development/dinner-planner/functions/node_modules/firebase-functions/lib/index.js\"}}"}}
[debug] [2022-01-06T13:26:59.267Z] [runtime-status] [85032] Resolved module firebase-functions {"declared":true,"installed":true,"version":"3.16.0","resolution":"/Users/carljoachim/Development/dinner-planner/functions/node_modules/firebase-functions/lib/index.js"} {"metadata":{"emulator":{"name":"functions"},"message":"[runtime-status] [85032] Resolved module firebase-functions {\"declared\":true,\"installed\":true,\"version\":\"3.16.0\",\"resolution\":\"/Users/carljoachim/Development/dinner-planner/functions/node_modules/firebase-functions/lib/index.js\"}"}}
[debug] [2022-01-06T13:26:59.269Z] [runtime-status] [85032] Resolved module firebase-admin {"declared":true,"installed":true,"version":"9.12.0","resolution":"/Users/carljoachim/Development/dinner-planner/functions/node_modules/firebase-admin/lib/index.js"} {"metadata":{"emulator":{"name":"functions"},"message":"[runtime-status] [85032] Resolved module firebase-admin {\"declared\":true,\"installed\":true,\"version\":\"9.12.0\",\"resolution\":\"/Users/carljoachim/Development/dinner-planner/functions/node_modules/firebase-admin/lib/index.js\"}"}}
[debug] [2022-01-06T13:26:59.269Z] [runtime-status] [85032] Resolved module firebase-functions {"declared":true,"installed":true,"version":"3.16.0","resolution":"/Users/carljoachim/Development/dinner-planner/functions/node_modules/firebase-functions/lib/index.js"} {"metadata":{"emulator":{"name":"functions"},"message":"[runtime-status] [85032] Resolved module firebase-functions {\"declared\":true,\"installed\":true,\"version\":\"3.16.0\",\"resolution\":\"/Users/carljoachim/Development/dinner-planner/functions/node_modules/firebase-functions/lib/index.js\"}"}}
[debug] [2022-01-06T13:26:59.269Z] [runtime-status] [85032] firebase-admin has been stubbed. {"adminResolution":{"declared":true,"installed":true,"version":"9.12.0","resolution":"/Users/carljoachim/Development/dinner-planner/functions/node_modules/firebase-admin/lib/index.js"}} {"metadata":{"emulator":{"name":"functions"},"message":"[runtime-status] [85032] firebase-admin has been stubbed. {\"adminResolution\":{\"declared\":true,\"installed\":true,\"version\":\"9.12.0\",\"resolution\":\"/Users/carljoachim/Development/dinner-planner/functions/node_modules/firebase-admin/lib/index.js\"}}"}}
[warn] ⚠  /Users/carljoachim/Development/dinner-planner/functions/src/index.ts:7
exports.add = functions.https.onRequest((request: any, response: { send: (arg0: string) => void; }) => {
                                                ^

SyntaxError: Unexpected token ':'
    at wrapSafe (internal/modules/cjs/loader.js:1001:16)
    at Module._compile (internal/modules/cjs/loader.js:1049:27)
    at Object.Module._extensions..js (internal/modules/cjs/loader.js:1114:10)
    at Module.load (internal/modules/cjs/loader.js:950:32)
    at Function.Module._load (internal/modules/cjs/loader.js:790:12)
    at Module.require (internal/modules/cjs/loader.js:974:19)
    at require (internal/modules/cjs/helpers.js:93:18)
    at initializeRuntime (/Users/carljoachim/.nvm/versions/node/v14.18.2/lib/node_modules/firebase-tools/lib/emulator/functionsEmulatorRuntime.js:640:29)
    at processTicksAndRejections (internal/process/task_queues.js:95:5)
    at async handleMessage (/Users/carljoachim/.nvm/versions/node/v14.18.2/lib/node_modules/firebase-tools/lib/emulator/functionsEmulatorRuntime.js:684:20) {"metadata":{"emulator":{"name":"functions"},"message":"/Users/carljoachim/Development/dinner-planner/functions/src/index.ts:7\nexports.add = functions.https.onRequest((request: any, response: { send: (arg0: string) => void; }) => {\n                                                ^\n\nSyntaxError: Unexpected token ':'\n    at wrapSafe (internal/modules/cjs/loader.js:1001:16)\n    at Module._compile (internal/modules/cjs/loader.js:1049:27)\n    at Object.Module._extensions..js (internal/modules/cjs/loader.js:1114:10)\n    at Module.load (internal/modules/cjs/loader.js:950:32)\n    at Function.Module._load (internal/modules/cjs/loader.js:790:12)\n    at Module.require (internal/modules/cjs/loader.js:974:19)\n    at require (internal/modules/cjs/helpers.js:93:18)\n    at initializeRuntime (/Users/carljoachim/.nvm/versions/node/v14.18.2/lib/node_modules/firebase-tools/lib/emulator/functionsEmulatorRuntime.js:640:29)\n    at processTicksAndRejections (internal/process/task_queues.js:95:5)\n    at async handleMessage (/Users/carljoachim/.nvm/versions/node/v14.18.2/lib/node_modules/firebase-tools/lib/emulator/functionsEmulatorRuntime.js:684:20)"}}
[warn] ⚠  We were unable to load your functions code. (see above)
   - It appears your code is written in Typescript, which must be compiled before emulation.
   - You may be able to run "npm run build" in your functions directory to resolve this. {"metadata":{"emulator":{"name":"functions"}}}
[debug] [2022-01-06T13:26:59.289Z] [worker-~diagnostic~-1cebaa51-fd22-402b-96eb-26ecba597f80]: exited {"metadata":{"emulator":{"name":"functions"},"message":"[worker-~diagnostic~-1cebaa51-fd22-402b-96eb-26ecba597f80]: exited"}}
[debug] [2022-01-06T13:26:59.289Z] [worker-~diagnostic~-1cebaa51-fd22-402b-96eb-26ecba597f80]: FINISHED {"metadata":{"emulator":{"name":"functions"},"message":"[worker-~diagnostic~-1cebaa51-fd22-402b-96eb-26ecba597f80]: FINISHED"}}
[debug] [2022-01-06T13:27:12.600Z] File /Users/carljoachim/Development/dinner-planner/functions/src/index.ts changed, reloading triggers {"metadata":{"emulator":{"name":"functions"},"message":"File /Users/carljoachim/Development/dinner-planner/functions/src/index.ts changed, reloading triggers"}}
[debug] [2022-01-06T13:27:13.601Z] [worker-pool] Cleaned up workers for ~diagnostic~: 1 --> 0 {"metadata":{"emulator":{"name":"functions"},"message":"[worker-pool] Cleaned up workers for ~diagnostic~: 1 --> 0"}}
[debug] [2022-01-06T13:27:13.607Z] [worker-pool] addWorker(~diagnostic~) {"metadata":{"emulator":{"name":"functions"},"message":"[worker-pool] addWorker(~diagnostic~)"}}
[debug] [2022-01-06T13:27:13.608Z] [worker-pool] Adding worker with key ~diagnostic~, total=1 {"metadata":{"emulator":{"name":"functions"},"message":"[worker-pool] Adding worker with key ~diagnostic~, total=1"}}
[debug] [2022-01-06T13:27:13.608Z] [worker-pool] submitWork(triggerId=) {"metadata":{"emulator":{"name":"functions"},"message":"[worker-pool] submitWork(triggerId=)"}}
[debug] [2022-01-06T13:27:13.608Z] [worker-~diagnostic~-5f5ac349-c559-4bfe-88e1-95833bbb262c]: Assigning socketPath: /var/folders/f1/g4xzwpvj0cv2rc4r038mkp_80000kt/T/fire_emu_85045.sock {"metadata":{"emulator":{"name":"functions"},"message":"[worker-~diagnostic~-5f5ac349-c559-4bfe-88e1-95833bbb262c]: Assigning socketPath: /var/folders/f1/g4xzwpvj0cv2rc4r038mkp_80000kt/T/fire_emu_85045.sock"}}
[debug] [2022-01-06T13:27:13.608Z] [worker-~diagnostic~-5f5ac349-c559-4bfe-88e1-95833bbb262c]: BUSY {"metadata":{"emulator":{"name":"functions"},"message":"[worker-~diagnostic~-5f5ac349-c559-4bfe-88e1-95833bbb262c]: BUSY"}}
[debug] [2022-01-06T13:27:13.772Z] [runtime-status] [85045] Functions runtime initialized. {"cwd":"/Users/carljoachim/Development/dinner-planner/functions","node_version":"14.18.2"} {"metadata":{"emulator":{"name":"functions"},"message":"[runtime-status] [85045] Functions runtime initialized. {\"cwd\":\"/Users/carljoachim/Development/dinner-planner/functions\",\"node_version\":\"14.18.2\"}"}}
[debug] [2022-01-06T13:27:13.773Z] [runtime-status] [85045] Disabled runtime features: undefined {"metadata":{"emulator":{"name":"functions"},"message":"[runtime-status] [85045] Disabled runtime features: undefined"}}
[debug] [2022-01-06T13:27:13.777Z] [runtime-status] [85045] Resolved module firebase-admin {"declared":true,"installed":true,"version":"9.12.0","resolution":"/Users/carljoachim/Development/dinner-planner/functions/node_modules/firebase-admin/lib/index.js"} {"metadata":{"emulator":{"name":"functions"},"message":"[runtime-status] [85045] Resolved module firebase-admin {\"declared\":true,\"installed\":true,\"version\":\"9.12.0\",\"resolution\":\"/Users/carljoachim/Development/dinner-planner/functions/node_modules/firebase-admin/lib/index.js\"}"}}
[debug] [2022-01-06T13:27:13.779Z] [runtime-status] [85045] Resolved module firebase-functions {"declared":true,"installed":true,"version":"3.16.0","resolution":"/Users/carljoachim/Development/dinner-planner/functions/node_modules/firebase-functions/lib/index.js"} {"metadata":{"emulator":{"name":"functions"},"message":"[runtime-status] [85045] Resolved module firebase-functions {\"declared\":true,\"installed\":true,\"version\":\"3.16.0\",\"resolution\":\"/Users/carljoachim/Development/dinner-planner/functions/node_modules/firebase-functions/lib/index.js\"}"}}
[debug] [2022-01-06T13:27:13.780Z] [runtime-status] [85045] Outgoing network have been stubbed. [{"name":"http","status":"mocked"},{"name":"http","status":"mocked"},{"name":"https","status":"mocked"},{"name":"https","status":"mocked"},{"name":"net","status":"mocked"}] {"metadata":{"emulator":{"name":"functions"},"message":"[runtime-status] [85045] Outgoing network have been stubbed. [{\"name\":\"http\",\"status\":\"mocked\"},{\"name\":\"http\",\"status\":\"mocked\"},{\"name\":\"https\",\"status\":\"mocked\"},{\"name\":\"https\",\"status\":\"mocked\"},{\"name\":\"net\",\"status\":\"mocked\"}]"}}
[debug] [2022-01-06T13:27:13.781Z] [runtime-status] [85045] Resolved module firebase-functions {"declared":true,"installed":true,"version":"3.16.0","resolution":"/Users/carljoachim/Development/dinner-planner/functions/node_modules/firebase-functions/lib/index.js"} {"metadata":{"emulator":{"name":"functions"},"message":"[runtime-status] [85045] Resolved module firebase-functions {\"declared\":true,\"installed\":true,\"version\":\"3.16.0\",\"resolution\":\"/Users/carljoachim/Development/dinner-planner/functions/node_modules/firebase-functions/lib/index.js\"}"}}
[debug] [2022-01-06T13:27:13.834Z] [runtime-status] [85045] Checked functions.config() {"config":{}} {"metadata":{"emulator":{"name":"functions"},"message":"[runtime-status] [85045] Checked functions.config() {\"config\":{}}"}}
[debug] [2022-01-06T13:27:13.834Z] [runtime-status] [85045] firebase-functions has been stubbed. {"functionsResolution":{"declared":true,"installed":true,"version":"3.16.0","resolution":"/Users/carljoachim/Development/dinner-planner/functions/node_modules/firebase-functions/lib/index.js"}} {"metadata":{"emulator":{"name":"functions"},"message":"[runtime-status] [85045] firebase-functions has been stubbed. {\"functionsResolution\":{\"declared\":true,\"installed\":true,\"version\":\"3.16.0\",\"resolution\":\"/Users/carljoachim/Development/dinner-planner/functions/node_modules/firebase-functions/lib/index.js\"}}"}}
[debug] [2022-01-06T13:27:13.835Z] [runtime-status] [85045] Resolved module firebase-functions {"declared":true,"installed":true,"version":"3.16.0","resolution":"/Users/carljoachim/Development/dinner-planner/functions/node_modules/firebase-functions/lib/index.js"} {"metadata":{"emulator":{"name":"functions"},"message":"[runtime-status] [85045] Resolved module firebase-functions {\"declared\":true,\"installed\":true,\"version\":\"3.16.0\",\"resolution\":\"/Users/carljoachim/Development/dinner-planner/functions/node_modules/firebase-functions/lib/index.js\"}"}}
[debug] [2022-01-06T13:27:13.836Z] [runtime-status] [85045] Resolved module firebase-admin {"declared":true,"installed":true,"version":"9.12.0","resolution":"/Users/carljoachim/Development/dinner-planner/functions/node_modules/firebase-admin/lib/index.js"} {"metadata":{"emulator":{"name":"functions"},"message":"[runtime-status] [85045] Resolved module firebase-admin {\"declared\":true,\"installed\":true,\"version\":\"9.12.0\",\"resolution\":\"/Users/carljoachim/Development/dinner-planner/functions/node_modules/firebase-admin/lib/index.js\"}"}}
[debug] [2022-01-06T13:27:13.837Z] [runtime-status] [85045] Resolved module firebase-functions {"declared":true,"installed":true,"version":"3.16.0","resolution":"/Users/carljoachim/Development/dinner-planner/functions/node_modules/firebase-functions/lib/index.js"} {"metadata":{"emulator":{"name":"functions"},"message":"[runtime-status] [85045] Resolved module firebase-functions {\"declared\":true,\"installed\":true,\"version\":\"3.16.0\",\"resolution\":\"/Users/carljoachim/Development/dinner-planner/functions/node_modules/firebase-functions/lib/index.js\"}"}}
[debug] [2022-01-06T13:27:13.837Z] [runtime-status] [85045] firebase-admin has been stubbed. {"adminResolution":{"declared":true,"installed":true,"version":"9.12.0","resolution":"/Users/carljoachim/Development/dinner-planner/functions/node_modules/firebase-admin/lib/index.js"}} {"metadata":{"emulator":{"name":"functions"},"message":"[runtime-status] [85045] firebase-admin has been stubbed. {\"adminResolution\":{\"declared\":true,\"installed\":true,\"version\":\"9.12.0\",\"resolution\":\"/Users/carljoachim/Development/dinner-planner/functions/node_modules/firebase-admin/lib/index.js\"}}"}}
[warn] ⚠  /Users/carljoachim/Development/dinner-planner/functions/src/index.ts:8
exports.add = functions.https.onRequest((request: any, response: { send: (arg0: string) => void; }) => {
                                                ^

SyntaxError: Unexpected token ':'
    at wrapSafe (internal/modules/cjs/loader.js:1001:16)
    at Module._compile (internal/modules/cjs/loader.js:1049:27)
    at Object.Module._extensions..js (internal/modules/cjs/loader.js:1114:10)
    at Module.load (internal/modules/cjs/loader.js:950:32)
    at Function.Module._load (internal/modules/cjs/loader.js:790:12)
    at Module.require (internal/modules/cjs/loader.js:974:19)
    at require (internal/modules/cjs/helpers.js:93:18)
    at initializeRuntime (/Users/carljoachim/.nvm/versions/node/v14.18.2/lib/node_modules/firebase-tools/lib/emulator/functionsEmulatorRuntime.js:640:29)
    at processTicksAndRejections (internal/process/task_queues.js:95:5)
    at async handleMessage (/Users/carljoachim/.nvm/versions/node/v14.18.2/lib/node_modules/firebase-tools/lib/emulator/functionsEmulatorRuntime.js:684:20) {"metadata":{"emulator":{"name":"functions"},"message":"/Users/carljoachim/Development/dinner-planner/functions/src/index.ts:8\nexports.add = functions.https.onRequest((request: any, response: { send: (arg0: string) => void; }) => {\n                                                ^\n\nSyntaxError: Unexpected token ':'\n    at wrapSafe (internal/modules/cjs/loader.js:1001:16)\n    at Module._compile (internal/modules/cjs/loader.js:1049:27)\n    at Object.Module._extensions..js (internal/modules/cjs/loader.js:1114:10)\n    at Module.load (internal/modules/cjs/loader.js:950:32)\n    at Function.Module._load (internal/modules/cjs/loader.js:790:12)\n    at Module.require (internal/modules/cjs/loader.js:974:19)\n    at require (internal/modules/cjs/helpers.js:93:18)\n    at initializeRuntime (/Users/carljoachim/.nvm/versions/node/v14.18.2/lib/node_modules/firebase-tools/lib/emulator/functionsEmulatorRuntime.js:640:29)\n    at processTicksAndRejections (internal/process/task_queues.js:95:5)\n    at async handleMessage (/Users/carljoachim/.nvm/versions/node/v14.18.2/lib/node_modules/firebase-tools/lib/emulator/functionsEmulatorRuntime.js:684:20)"}}
[warn] ⚠  We were unable to load your functions code. (see above)
   - It appears your code is written in Typescript, which must be compiled before emulation.
   - You may be able to run "npm run build" in your functions directory to resolve this. {"metadata":{"emulator":{"name":"functions"}}}
[debug] [2022-01-06T13:27:13.857Z] [worker-~diagnostic~-5f5ac349-c559-4bfe-88e1-95833bbb262c]: exited {"metadata":{"emulator":{"name":"functions"},"message":"[worker-~diagnostic~-5f5ac349-c559-4bfe-88e1-95833bbb262c]: exited"}}
[debug] [2022-01-06T13:27:13.857Z] [worker-~diagnostic~-5f5ac349-c559-4bfe-88e1-95833bbb262c]: FINISHED {"metadata":{"emulator":{"name":"functions"},"message":"[worker-~diagnostic~-5f5ac349-c559-4bfe-88e1-95833bbb262c]: FINISHED"}}
[debug] [2022-01-06T13:27:23.381Z] File /Users/carljoachim/Development/dinner-planner/functions/src/index.ts changed, reloading triggers {"metadata":{"emulator":{"name":"functions"},"message":"File /Users/carljoachim/Development/dinner-planner/functions/src/index.ts changed, reloading triggers"}}
[debug] [2022-01-06T13:27:24.382Z] [worker-pool] Cleaned up workers for ~diagnostic~: 1 --> 0 {"metadata":{"emulator":{"name":"functions"},"message":"[worker-pool] Cleaned up workers for ~diagnostic~: 1 --> 0"}}
[debug] [2022-01-06T13:27:24.388Z] [worker-pool] addWorker(~diagnostic~) {"metadata":{"emulator":{"name":"functions"},"message":"[worker-pool] addWorker(~diagnostic~)"}}
[debug] [2022-01-06T13:27:24.389Z] [worker-pool] Adding worker with key ~diagnostic~, total=1 {"metadata":{"emulator":{"name":"functions"},"message":"[worker-pool] Adding worker with key ~diagnostic~, total=1"}}
[debug] [2022-01-06T13:27:24.389Z] [worker-pool] submitWork(triggerId=) {"metadata":{"emulator":{"name":"functions"},"message":"[worker-pool] submitWork(triggerId=)"}}
[debug] [2022-01-06T13:27:24.389Z] [worker-~diagnostic~-9fd3ea3d-dfdb-4bae-b842-649f799f8c8c]: Assigning socketPath: /var/folders/f1/g4xzwpvj0cv2rc4r038mkp_80000kt/T/fire_emu_85054.sock {"metadata":{"emulator":{"name":"functions"},"message":"[worker-~diagnostic~-9fd3ea3d-dfdb-4bae-b842-649f799f8c8c]: Assigning socketPath: /var/folders/f1/g4xzwpvj0cv2rc4r038mkp_80000kt/T/fire_emu_85054.sock"}}
[debug] [2022-01-06T13:27:24.389Z] [worker-~diagnostic~-9fd3ea3d-dfdb-4bae-b842-649f799f8c8c]: BUSY {"metadata":{"emulator":{"name":"functions"},"message":"[worker-~diagnostic~-9fd3ea3d-dfdb-4bae-b842-649f799f8c8c]: BUSY"}}
[debug] [2022-01-06T13:27:24.544Z] [runtime-status] [85054] Functions runtime initialized. {"cwd":"/Users/carljoachim/Development/dinner-planner/functions","node_version":"14.18.2"} {"metadata":{"emulator":{"name":"functions"},"message":"[runtime-status] [85054] Functions runtime initialized. {\"cwd\":\"/Users/carljoachim/Development/dinner-planner/functions\",\"node_version\":\"14.18.2\"}"}}
[debug] [2022-01-06T13:27:24.545Z] [runtime-status] [85054] Disabled runtime features: undefined {"metadata":{"emulator":{"name":"functions"},"message":"[runtime-status] [85054] Disabled runtime features: undefined"}}
[debug] [2022-01-06T13:27:24.549Z] [runtime-status] [85054] Resolved module firebase-admin {"declared":true,"installed":true,"version":"9.12.0","resolution":"/Users/carljoachim/Development/dinner-planner/functions/node_modules/firebase-admin/lib/index.js"} {"metadata":{"emulator":{"name":"functions"},"message":"[runtime-status] [85054] Resolved module firebase-admin {\"declared\":true,\"installed\":true,\"version\":\"9.12.0\",\"resolution\":\"/Users/carljoachim/Development/dinner-planner/functions/node_modules/firebase-admin/lib/index.js\"}"}}
[debug] [2022-01-06T13:27:24.551Z] [runtime-status] [85054] Resolved module firebase-functions {"declared":true,"installed":true,"version":"3.16.0","resolution":"/Users/carljoachim/Development/dinner-planner/functions/node_modules/firebase-functions/lib/index.js"} {"metadata":{"emulator":{"name":"functions"},"message":"[runtime-status] [85054] Resolved module firebase-functions {\"declared\":true,\"installed\":true,\"version\":\"3.16.0\",\"resolution\":\"/Users/carljoachim/Development/dinner-planner/functions/node_modules/firebase-functions/lib/index.js\"}"}}
[debug] [2022-01-06T13:27:24.552Z] [runtime-status] [85054] Outgoing network have been stubbed. [{"name":"http","status":"mocked"},{"name":"http","status":"mocked"},{"name":"https","status":"mocked"},{"name":"https","status":"mocked"},{"name":"net","status":"mocked"}] {"metadata":{"emulator":{"name":"functions"},"message":"[runtime-status] [85054] Outgoing network have been stubbed. [{\"name\":\"http\",\"status\":\"mocked\"},{\"name\":\"http\",\"status\":\"mocked\"},{\"name\":\"https\",\"status\":\"mocked\"},{\"name\":\"https\",\"status\":\"mocked\"},{\"name\":\"net\",\"status\":\"mocked\"}]"}}
[debug] [2022-01-06T13:27:24.553Z] [runtime-status] [85054] Resolved module firebase-functions {"declared":true,"installed":true,"version":"3.16.0","resolution":"/Users/carljoachim/Development/dinner-planner/functions/node_modules/firebase-functions/lib/index.js"} {"metadata":{"emulator":{"name":"functions"},"message":"[runtime-status] [85054] Resolved module firebase-functions {\"declared\":true,\"installed\":true,\"version\":\"3.16.0\",\"resolution\":\"/Users/carljoachim/Development/dinner-planner/functions/node_modules/firebase-functions/lib/index.js\"}"}}
[debug] [2022-01-06T13:27:24.608Z] [runtime-status] [85054] Checked functions.config() {"config":{}} {"metadata":{"emulator":{"name":"functions"},"message":"[runtime-status] [85054] Checked functions.config() {\"config\":{}}"}}
[debug] [2022-01-06T13:27:24.609Z] [runtime-status] [85054] firebase-functions has been stubbed. {"functionsResolution":{"declared":true,"installed":true,"version":"3.16.0","resolution":"/Users/carljoachim/Development/dinner-planner/functions/node_modules/firebase-functions/lib/index.js"}} {"metadata":{"emulator":{"name":"functions"},"message":"[runtime-status] [85054] firebase-functions has been stubbed. {\"functionsResolution\":{\"declared\":true,\"installed\":true,\"version\":\"3.16.0\",\"resolution\":\"/Users/carljoachim/Development/dinner-planner/functions/node_modules/firebase-functions/lib/index.js\"}}"}}
[debug] [2022-01-06T13:27:24.609Z] [runtime-status] [85054] Resolved module firebase-functions {"declared":true,"installed":true,"version":"3.16.0","resolution":"/Users/carljoachim/Development/dinner-planner/functions/node_modules/firebase-functions/lib/index.js"} {"metadata":{"emulator":{"name":"functions"},"message":"[runtime-status] [85054] Resolved module firebase-functions {\"declared\":true,\"installed\":true,\"version\":\"3.16.0\",\"resolution\":\"/Users/carljoachim/Development/dinner-planner/functions/node_modules/firebase-functions/lib/index.js\"}"}}
[debug] [2022-01-06T13:27:24.610Z] [runtime-status] [85054] Resolved module firebase-admin {"declared":true,"installed":true,"version":"9.12.0","resolution":"/Users/carljoachim/Development/dinner-planner/functions/node_modules/firebase-admin/lib/index.js"} {"metadata":{"emulator":{"name":"functions"},"message":"[runtime-status] [85054] Resolved module firebase-admin {\"declared\":true,\"installed\":true,\"version\":\"9.12.0\",\"resolution\":\"/Users/carljoachim/Development/dinner-planner/functions/node_modules/firebase-admin/lib/index.js\"}"}}
[debug] [2022-01-06T13:27:24.611Z] [runtime-status] [85054] Resolved module firebase-functions {"declared":true,"installed":true,"version":"3.16.0","resolution":"/Users/carljoachim/Development/dinner-planner/functions/node_modules/firebase-functions/lib/index.js"} {"metadata":{"emulator":{"name":"functions"},"message":"[runtime-status] [85054] Resolved module firebase-functions {\"declared\":true,\"installed\":true,\"version\":\"3.16.0\",\"resolution\":\"/Users/carljoachim/Development/dinner-planner/functions/node_modules/firebase-functions/lib/index.js\"}"}}
[debug] [2022-01-06T13:27:24.611Z] [runtime-status] [85054] firebase-admin has been stubbed. {"adminResolution":{"declared":true,"installed":true,"version":"9.12.0","resolution":"/Users/carljoachim/Development/dinner-planner/functions/node_modules/firebase-admin/lib/index.js"}} {"metadata":{"emulator":{"name":"functions"},"message":"[runtime-status] [85054] firebase-admin has been stubbed. {\"adminResolution\":{\"declared\":true,\"installed\":true,\"version\":\"9.12.0\",\"resolution\":\"/Users/carljoachim/Development/dinner-planner/functions/node_modules/firebase-admin/lib/index.js\"}}"}}
[warn] ⚠  /Users/carljoachim/Development/dinner-planner/functions/src/index.ts:7
exports.add = functions.https.onRequest((request: any, response: { send: (arg0: string) => void; }) => {
                                                ^

SyntaxError: Unexpected token ':'
    at wrapSafe (internal/modules/cjs/loader.js:1001:16)
    at Module._compile (internal/modules/cjs/loader.js:1049:27)
    at Object.Module._extensions..js (internal/modules/cjs/loader.js:1114:10)
    at Module.load (internal/modules/cjs/loader.js:950:32)
    at Function.Module._load (internal/modules/cjs/loader.js:790:12)
    at Module.require (internal/modules/cjs/loader.js:974:19)
    at require (internal/modules/cjs/helpers.js:93:18)
    at initializeRuntime (/Users/carljoachim/.nvm/versions/node/v14.18.2/lib/node_modules/firebase-tools/lib/emulator/functionsEmulatorRuntime.js:640:29)
    at processTicksAndRejections (internal/process/task_queues.js:95:5)
    at async handleMessage (/Users/carljoachim/.nvm/versions/node/v14.18.2/lib/node_modules/firebase-tools/lib/emulator/functionsEmulatorRuntime.js:684:20) {"metadata":{"emulator":{"name":"functions"},"message":"/Users/carljoachim/Development/dinner-planner/functions/src/index.ts:7\nexports.add = functions.https.onRequest((request: any, response: { send: (arg0: string) => void; }) => {\n                                                ^\n\nSyntaxError: Unexpected token ':'\n    at wrapSafe (internal/modules/cjs/loader.js:1001:16)\n    at Module._compile (internal/modules/cjs/loader.js:1049:27)\n    at Object.Module._extensions..js (internal/modules/cjs/loader.js:1114:10)\n    at Module.load (internal/modules/cjs/loader.js:950:32)\n    at Function.Module._load (internal/modules/cjs/loader.js:790:12)\n    at Module.require (internal/modules/cjs/loader.js:974:19)\n    at require (internal/modules/cjs/helpers.js:93:18)\n    at initializeRuntime (/Users/carljoachim/.nvm/versions/node/v14.18.2/lib/node_modules/firebase-tools/lib/emulator/functionsEmulatorRuntime.js:640:29)\n    at processTicksAndRejections (internal/process/task_queues.js:95:5)\n    at async handleMessage (/Users/carljoachim/.nvm/versions/node/v14.18.2/lib/node_modules/firebase-tools/lib/emulator/functionsEmulatorRuntime.js:684:20)"}}
[warn] ⚠  We were unable to load your functions code. (see above)
   - It appears your code is written in Typescript, which must be compiled before emulation.
   - You may be able to run "npm run build" in your functions directory to resolve this. {"metadata":{"emulator":{"name":"functions"}}}
[debug] [2022-01-06T13:27:24.632Z] [worker-~diagnostic~-9fd3ea3d-dfdb-4bae-b842-649f799f8c8c]: exited {"metadata":{"emulator":{"name":"functions"},"message":"[worker-~diagnostic~-9fd3ea3d-dfdb-4bae-b842-649f799f8c8c]: exited"}}
[debug] [2022-01-06T13:27:24.632Z] [worker-~diagnostic~-9fd3ea3d-dfdb-4bae-b842-649f799f8c8c]: FINISHED {"metadata":{"emulator":{"name":"functions"},"message":"[worker-~diagnostic~-9fd3ea3d-dfdb-4bae-b842-649f799f8c8c]: FINISHED"}}
[debug] [2022-01-06T13:27:48.704Z] File /Users/carljoachim/Development/dinner-planner/functions/src/index.ts changed, reloading triggers {"metadata":{"emulator":{"name":"functions"},"message":"File /Users/carljoachim/Development/dinner-planner/functions/src/index.ts changed, reloading triggers"}}
[debug] [2022-01-06T13:27:49.706Z] [worker-pool] Cleaned up workers for ~diagnostic~: 1 --> 0 {"metadata":{"emulator":{"name":"functions"},"message":"[worker-pool] Cleaned up workers for ~diagnostic~: 1 --> 0"}}
[debug] [2022-01-06T13:27:49.713Z] [worker-pool] addWorker(~diagnostic~) {"metadata":{"emulator":{"name":"functions"},"message":"[worker-pool] addWorker(~diagnostic~)"}}
[debug] [2022-01-06T13:27:49.713Z] [worker-pool] Adding worker with key ~diagnostic~, total=1 {"metadata":{"emulator":{"name":"functions"},"message":"[worker-pool] Adding worker with key ~diagnostic~, total=1"}}
[debug] [2022-01-06T13:27:49.713Z] [worker-pool] submitWork(triggerId=) {"metadata":{"emulator":{"name":"functions"},"message":"[worker-pool] submitWork(triggerId=)"}}
[debug] [2022-01-06T13:27:49.714Z] [worker-~diagnostic~-09f19720-53d8-4b3e-9722-96ad19344960]: Assigning socketPath: /var/folders/f1/g4xzwpvj0cv2rc4r038mkp_80000kt/T/fire_emu_85064.sock {"metadata":{"emulator":{"name":"functions"},"message":"[worker-~diagnostic~-09f19720-53d8-4b3e-9722-96ad19344960]: Assigning socketPath: /var/folders/f1/g4xzwpvj0cv2rc4r038mkp_80000kt/T/fire_emu_85064.sock"}}
[debug] [2022-01-06T13:27:49.714Z] [worker-~diagnostic~-09f19720-53d8-4b3e-9722-96ad19344960]: BUSY {"metadata":{"emulator":{"name":"functions"},"message":"[worker-~diagnostic~-09f19720-53d8-4b3e-9722-96ad19344960]: BUSY"}}
[debug] [2022-01-06T13:27:49.861Z] [runtime-status] [85064] Functions runtime initialized. {"cwd":"/Users/carljoachim/Development/dinner-planner/functions","node_version":"14.18.2"} {"metadata":{"emulator":{"name":"functions"},"message":"[runtime-status] [85064] Functions runtime initialized. {\"cwd\":\"/Users/carljoachim/Development/dinner-planner/functions\",\"node_version\":\"14.18.2\"}"}}
[debug] [2022-01-06T13:27:49.862Z] [runtime-status] [85064] Disabled runtime features: undefined {"metadata":{"emulator":{"name":"functions"},"message":"[runtime-status] [85064] Disabled runtime features: undefined"}}
[debug] [2022-01-06T13:27:49.865Z] [runtime-status] [85064] Resolved module firebase-admin {"declared":true,"installed":true,"version":"9.12.0","resolution":"/Users/carljoachim/Development/dinner-planner/functions/node_modules/firebase-admin/lib/index.js"} {"metadata":{"emulator":{"name":"functions"},"message":"[runtime-status] [85064] Resolved module firebase-admin {\"declared\":true,\"installed\":true,\"version\":\"9.12.0\",\"resolution\":\"/Users/carljoachim/Development/dinner-planner/functions/node_modules/firebase-admin/lib/index.js\"}"}}
[debug] [2022-01-06T13:27:49.868Z] [runtime-status] [85064] Resolved module firebase-functions {"declared":true,"installed":true,"version":"3.16.0","resolution":"/Users/carljoachim/Development/dinner-planner/functions/node_modules/firebase-functions/lib/index.js"} {"metadata":{"emulator":{"name":"functions"},"message":"[runtime-status] [85064] Resolved module firebase-functions {\"declared\":true,\"installed\":true,\"version\":\"3.16.0\",\"resolution\":\"/Users/carljoachim/Development/dinner-planner/functions/node_modules/firebase-functions/lib/index.js\"}"}}
[debug] [2022-01-06T13:27:49.869Z] [runtime-status] [85064] Outgoing network have been stubbed. [{"name":"http","status":"mocked"},{"name":"http","status":"mocked"},{"name":"https","status":"mocked"},{"name":"https","status":"mocked"},{"name":"net","status":"mocked"}] {"metadata":{"emulator":{"name":"functions"},"message":"[runtime-status] [85064] Outgoing network have been stubbed. [{\"name\":\"http\",\"status\":\"mocked\"},{\"name\":\"http\",\"status\":\"mocked\"},{\"name\":\"https\",\"status\":\"mocked\"},{\"name\":\"https\",\"status\":\"mocked\"},{\"name\":\"net\",\"status\":\"mocked\"}]"}}
[debug] [2022-01-06T13:27:49.870Z] [runtime-status] [85064] Resolved module firebase-functions {"declared":true,"installed":true,"version":"3.16.0","resolution":"/Users/carljoachim/Development/dinner-planner/functions/node_modules/firebase-functions/lib/index.js"} {"metadata":{"emulator":{"name":"functions"},"message":"[runtime-status] [85064] Resolved module firebase-functions {\"declared\":true,\"installed\":true,\"version\":\"3.16.0\",\"resolution\":\"/Users/carljoachim/Development/dinner-planner/functions/node_modules/firebase-functions/lib/index.js\"}"}}
[debug] [2022-01-06T13:27:49.928Z] [runtime-status] [85064] Checked functions.config() {"config":{}} {"metadata":{"emulator":{"name":"functions"},"message":"[runtime-status] [85064] Checked functions.config() {\"config\":{}}"}}
[debug] [2022-01-06T13:27:49.928Z] [runtime-status] [85064] firebase-functions has been stubbed. {"functionsResolution":{"declared":true,"installed":true,"version":"3.16.0","resolution":"/Users/carljoachim/Development/dinner-planner/functions/node_modules/firebase-functions/lib/index.js"}} {"metadata":{"emulator":{"name":"functions"},"message":"[runtime-status] [85064] firebase-functions has been stubbed. {\"functionsResolution\":{\"declared\":true,\"installed\":true,\"version\":\"3.16.0\",\"resolution\":\"/Users/carljoachim/Development/dinner-planner/functions/node_modules/firebase-functions/lib/index.js\"}}"}}
[debug] [2022-01-06T13:27:49.929Z] [runtime-status] [85064] Resolved module firebase-functions {"declared":true,"installed":true,"version":"3.16.0","resolution":"/Users/carljoachim/Development/dinner-planner/functions/node_modules/firebase-functions/lib/index.js"} {"metadata":{"emulator":{"name":"functions"},"message":"[runtime-status] [85064] Resolved module firebase-functions {\"declared\":true,\"installed\":true,\"version\":\"3.16.0\",\"resolution\":\"/Users/carljoachim/Development/dinner-planner/functions/node_modules/firebase-functions/lib/index.js\"}"}}
[debug] [2022-01-06T13:27:49.931Z] [runtime-status] [85064] Resolved module firebase-admin {"declared":true,"installed":true,"version":"9.12.0","resolution":"/Users/carljoachim/Development/dinner-planner/functions/node_modules/firebase-admin/lib/index.js"} {"metadata":{"emulator":{"name":"functions"},"message":"[runtime-status] [85064] Resolved module firebase-admin {\"declared\":true,\"installed\":true,\"version\":\"9.12.0\",\"resolution\":\"/Users/carljoachim/Development/dinner-planner/functions/node_modules/firebase-admin/lib/index.js\"}"}}
[debug] [2022-01-06T13:27:49.932Z] [runtime-status] [85064] Resolved module firebase-functions {"declared":true,"installed":true,"version":"3.16.0","resolution":"/Users/carljoachim/Development/dinner-planner/functions/node_modules/firebase-functions/lib/index.js"} {"metadata":{"emulator":{"name":"functions"},"message":"[runtime-status] [85064] Resolved module firebase-functions {\"declared\":true,\"installed\":true,\"version\":\"3.16.0\",\"resolution\":\"/Users/carljoachim/Development/dinner-planner/functions/node_modules/firebase-functions/lib/index.js\"}"}}
[debug] [2022-01-06T13:27:49.932Z] [runtime-status] [85064] firebase-admin has been stubbed. {"adminResolution":{"declared":true,"installed":true,"version":"9.12.0","resolution":"/Users/carljoachim/Development/dinner-planner/functions/node_modules/firebase-admin/lib/index.js"}} {"metadata":{"emulator":{"name":"functions"},"message":"[runtime-status] [85064] firebase-admin has been stubbed. {\"adminResolution\":{\"declared\":true,\"installed\":true,\"version\":\"9.12.0\",\"resolution\":\"/Users/carljoachim/Development/dinner-planner/functions/node_modules/firebase-admin/lib/index.js\"}}"}}
[warn] ⚠  /Users/carljoachim/Development/dinner-planner/functions/src/index.ts:8
    db.collection('dishes').add().then((id: Number) => {
                                          ^

SyntaxError: Unexpected token ':'
    at wrapSafe (internal/modules/cjs/loader.js:1001:16)
    at Module._compile (internal/modules/cjs/loader.js:1049:27)
    at Object.Module._extensions..js (internal/modules/cjs/loader.js:1114:10)
    at Module.load (internal/modules/cjs/loader.js:950:32)
    at Function.Module._load (internal/modules/cjs/loader.js:790:12)
    at Module.require (internal/modules/cjs/loader.js:974:19)
    at require (internal/modules/cjs/helpers.js:93:18)
    at initializeRuntime (/Users/carljoachim/.nvm/versions/node/v14.18.2/lib/node_modules/firebase-tools/lib/emulator/functionsEmulatorRuntime.js:640:29)
    at processTicksAndRejections (internal/process/task_queues.js:95:5)
    at async handleMessage (/Users/carljoachim/.nvm/versions/node/v14.18.2/lib/node_modules/firebase-tools/lib/emulator/functionsEmulatorRuntime.js:684:20) {"metadata":{"emulator":{"name":"functions"},"message":"/Users/carljoachim/Development/dinner-planner/functions/src/index.ts:8\n    db.collection('dishes').add().then((id: Number) => {\n                                          ^\n\nSyntaxError: Unexpected token ':'\n    at wrapSafe (internal/modules/cjs/loader.js:1001:16)\n    at Module._compile (internal/modules/cjs/loader.js:1049:27)\n    at Object.Module._extensions..js (internal/modules/cjs/loader.js:1114:10)\n    at Module.load (internal/modules/cjs/loader.js:950:32)\n    at Function.Module._load (internal/modules/cjs/loader.js:790:12)\n    at Module.require (internal/modules/cjs/loader.js:974:19)\n    at require (internal/modules/cjs/helpers.js:93:18)\n    at initializeRuntime (/Users/carljoachim/.nvm/versions/node/v14.18.2/lib/node_modules/firebase-tools/lib/emulator/functionsEmulatorRuntime.js:640:29)\n    at processTicksAndRejections (internal/process/task_queues.js:95:5)\n    at async handleMessage (/Users/carljoachim/.nvm/versions/node/v14.18.2/lib/node_modules/firebase-tools/lib/emulator/functionsEmulatorRuntime.js:684:20)"}}
[warn] ⚠  We were unable to load your functions code. (see above)
   - It appears your code is written in Typescript, which must be compiled before emulation.
   - You may be able to run "npm run build" in your functions directory to resolve this. {"metadata":{"emulator":{"name":"functions"}}}
[debug] [2022-01-06T13:27:49.953Z] [worker-~diagnostic~-09f19720-53d8-4b3e-9722-96ad19344960]: exited {"metadata":{"emulator":{"name":"functions"},"message":"[worker-~diagnostic~-09f19720-53d8-4b3e-9722-96ad19344960]: exited"}}
[debug] [2022-01-06T13:27:49.953Z] [worker-~diagnostic~-09f19720-53d8-4b3e-9722-96ad19344960]: FINISHED {"metadata":{"emulator":{"name":"functions"},"message":"[worker-~diagnostic~-09f19720-53d8-4b3e-9722-96ad19344960]: FINISHED"}}
